========================================
PAPER REPRODUCTION: 2405.02709v1
Constant Velocity Physical Warp Drive
========================================

Setting up parameters from paper...
Grid size: [1, 61, 61, 61]
World center: [0.5, 30.5, 30.5, 30.5]
Mass: 4.49e+27 kg (2.366 Jupiter masses)
R1 (inner): 10.0 m
R2 (outer): 20.0 m
Smooth factor: 1.0
vWarp: 0.02 c

========================================
SECTION 3: MATTER SHELL (no warp)
========================================
Creating matter shell metric...
Shell metric created in 19.78 seconds

Computing energy tensor for shell...
Energy tensor computed in 3.90 seconds

Shell T00 range: [-9.657957e+40, 2.087902e+41]
Number of T00<0 points: 95734 / 226981

Computing energy conditions for shell...
(This may take several minutes)
NEC computed in 2.02 seconds
NEC: min=-1.812617e+40, max=2.978011e+39
NEC violations: 198984 / 226981 (87.67%)

WEC computed in 2.51 seconds
WEC: min=-2.979196e+40, max=2.978011e+39
WEC violations: 199372 / 226981 (87.84%)

SEC computed in 4.06 seconds
SEC: min=-3.289279e+40, max=9.792520e+39
SEC violations: 185670 / 226981 (81.80%)

DEC computed in 2.97 seconds
DEC: min=-2.408048e+40, max=7.787799e+40
DEC violations: 139580 / 226981 (61.49%)

========================================
SECTION 4: WARP SHELL (with warp)
========================================
Creating warp shell metric...
Warp shell metric created in 19.11 seconds

Computing energy tensor for warp shell...
Energy tensor computed in 3.16 seconds

Warp Shell T00 range: [-9.657957e+40, 2.087902e+41]
Number of T00<0 points: 95734 / 226981

Computing energy conditions for warp shell...
(This may take several minutes)
NEC computed in 0.69 seconds
NEC: min=-1.812961e+40, max=2.922213e+39
NEC violations: 200702 / 226981 (88.42%)

WEC computed in 2.24 seconds
WEC: min=-2.979196e+40, max=2.922213e+39
WEC violations: 201058 / 226981 (88.58%)

SEC computed in 4.10 seconds
SEC: min=-3.289248e+40, max=9.744894e+39
SEC violations: 185739 / 226981 (81.83%)

DEC computed in 2.75 seconds
DEC: min=-2.416285e+40, max=7.788637e+40
DEC violations: 139589 / 226981 (61.50%)

========================================
SAVING RESULTS
========================================

Results saved to matlab_paper_reproduction.mat

========================================
SUMMARY OF RESULTS
========================================

MATTER SHELL (Section 3 - no warp):
  NEC violations: 198984 (87.67%) [min: -1.812617e+40]
  WEC violations: 199372 (87.84%) [min: -2.979196e+40]
  SEC violations: 185670 (81.80%) [min: -3.289279e+40]
  DEC violations: 139580 (61.49%) [min: -2.408048e+40]

WARP SHELL (Section 4 - with warp at v=0.02c):
  NEC violations: 200702 (88.42%) [min: -1.812961e+40]
  WEC violations: 201058 (88.58%) [min: -2.979196e+40]
  SEC violations: 185739 (81.83%) [min: -3.289248e+40]
  DEC violations: 139589 (61.50%) [min: -2.416285e+40]

========================================
EXPECTED RESULT FROM PAPER:
========================================
Both Matter Shell and Warp Shell should show:
  ZERO energy condition violations
  All energy conditions satisfied
  (violations below numerical precision ~10^-34)
========================================

Test complete!
